c:\users\david\documents\visual studio 2019\projects\cg_project\debug\vc142.pdb
c:\users\david\documents\visual studio 2019\projects\cg_project\debug\vc142.idb
c:\users\david\documents\visual studio 2019\projects\cg_project\debug\window.obj
c:\users\david\documents\visual studio 2019\projects\cg_project\debug\vectormesh.obj
c:\users\david\documents\visual studio 2019\projects\cg_project\debug\texture.obj
c:\users\david\documents\visual studio 2019\projects\cg_project\debug\spotlight.obj
c:\users\david\documents\visual studio 2019\projects\cg_project\debug\shader.obj
c:\users\david\documents\visual studio 2019\projects\cg_project\debug\pointmesh.obj
c:\users\david\documents\visual studio 2019\projects\cg_project\debug\pointlight.obj
c:\users\david\documents\visual studio 2019\projects\cg_project\debug\model.obj
c:\users\david\documents\visual studio 2019\projects\cg_project\debug\mesh.obj
c:\users\david\documents\visual studio 2019\projects\cg_project\debug\mathogl.obj
c:\users\david\documents\visual studio 2019\projects\cg_project\debug\material.obj
c:\users\david\documents\visual studio 2019\projects\cg_project\debug\main.obj
c:\users\david\documents\visual studio 2019\projects\cg_project\debug\light.obj
c:\users\david\documents\visual studio 2019\projects\cg_project\debug\directionallight.obj
c:\users\david\documents\visual studio 2019\projects\cg_project\debug\cartesianmesh.obj
c:\users\david\documents\visual studio 2019\projects\cg_project\debug\camera.obj
c:\users\david\documents\visual studio 2019\projects\cg_project\debug\cg_project.exe
c:\users\david\documents\visual studio 2019\projects\cg_project\debug\cg_project.ilk
c:\users\david\documents\visual studio 2019\projects\cg_project\debug\cg_project.pdb
c:\users\david\documents\visual studio 2019\projects\cg_project\debug\cg_project.tlog\cl.command.1.tlog
c:\users\david\documents\visual studio 2019\projects\cg_project\debug\cg_project.tlog\cl.read.1.tlog
c:\users\david\documents\visual studio 2019\projects\cg_project\debug\cg_project.tlog\cl.write.1.tlog
c:\users\david\documents\visual studio 2019\projects\cg_project\debug\cg_project.tlog\link.command.1.tlog
c:\users\david\documents\visual studio 2019\projects\cg_project\debug\cg_project.tlog\link.read.1.tlog
c:\users\david\documents\visual studio 2019\projects\cg_project\debug\cg_project.tlog\link.write.1.tlog
